{"uid":"449db9c7fa066f30","name":"addToCart","fullName":"Tests.UItest.CheckoutTest.addToCart","historyId":"142c2efce0a6a3780fadd8f1f66844b9","time":{"start":1761694360465,"stop":1761694372072,"duration":11607},"status":"broken","statusMessage":"Expected condition failed: waiting for Utils.Actions.ElementActionManger$$Lambda/0x0000026b817350e8@184b8899 (tried for 10 second(s) with 200 milliseconds interval)\nBuild info: version: '4.37.0', revision: '3c1da1e342'\nSystem info: os.name: 'Windows 10', os.arch: 'amd64', os.version: '10.0', java.version: '21.0.8'\nDriver info: driver.version: unknown","statusTrace":"org.openqa.selenium.TimeoutException: Expected condition failed: waiting for Utils.Actions.ElementActionManger$$Lambda/0x0000026b817350e8@184b8899 (tried for 10 second(s) with 200 milliseconds interval)\nBuild info: version: '4.37.0', revision: '3c1da1e342'\nSystem info: os.name: 'Windows 10', os.arch: 'amd64', os.version: '10.0', java.version: '21.0.8'\nDriver info: driver.version: unknown\r\n\tat org.openqa.selenium.support.ui.FluentWait.timeoutException(FluentWait.java:265)\r\n\tat org.openqa.selenium.support.ui.FluentWait.until(FluentWait.java:228)\r\n\tat Utils.Actions.ElementActionManger.click(ElementActionManger.java:23)\r\n\tat ComponanatManger.ProductsPage.addProductToCart(ProductsPage.java:64)\r\n\tat Tests.UItest.CheckoutTest.addToCart(CheckoutTest.java:51)\r\n\tat java.base/jdk.internal.reflect.DirectMethodHandleAccessor.invoke(DirectMethodHandleAccessor.java:103)\r\n\tat java.base/java.lang.reflect.Method.invoke(Method.java:580)\r\n\tat org.testng.internal.invokers.MethodInvocationHelper.invokeMethod(MethodInvocationHelper.java:141)\r\n\tat org.testng.internal.invokers.TestInvoker.invokeMethod(TestInvoker.java:686)\r\n\tat org.testng.internal.invokers.TestInvoker.invokeTestMethod(TestInvoker.java:230)\r\n\tat org.testng.internal.invokers.MethodRunner.runInSequence(MethodRunner.java:63)\r\n\tat org.testng.internal.invokers.TestInvoker$MethodInvocationAgent.invoke(TestInvoker.java:992)\r\n\tat org.testng.internal.invokers.TestInvoker.invokeTestMethods(TestInvoker.java:203)\r\n\tat org.testng.internal.invokers.TestMethodWorker.invokeTestMethods(TestMethodWorker.java:154)\r\n\tat org.testng.internal.invokers.TestMethodWorker.run(TestMethodWorker.java:134)\r\n\tat java.base/java.util.ArrayList.forEach(ArrayList.java:1596)\r\n\tat org.testng.TestRunner.privateRun(TestRunner.java:739)\r\n\tat org.testng.TestRunner.run(TestRunner.java:614)\r\n\tat org.testng.SuiteRunner.runTest(SuiteRunner.java:421)\r\n\tat org.testng.SuiteRunner.runSequentially(SuiteRunner.java:413)\r\n\tat org.testng.SuiteRunner.privateRun(SuiteRunner.java:373)\r\n\tat org.testng.SuiteRunner.run(SuiteRunner.java:312)\r\n\tat org.testng.SuiteRunnerWorker.runSuite(SuiteRunnerWorker.java:52)\r\n\tat org.testng.SuiteRunnerWorker.run(SuiteRunnerWorker.java:95)\r\n\tat org.testng.TestNG.runSuitesSequentially(TestNG.java:1274)\r\n\tat org.testng.TestNG.runSuitesLocally(TestNG.java:1208)\r\n\tat org.testng.TestNG.runSuites(TestNG.java:1112)\r\n\tat org.testng.TestNG.run(TestNG.java:1079)\r\n\tat com.intellij.rt.testng.IDEARemoteTestNG.run(IDEARemoteTestNG.java:65)\r\n\tat com.intellij.rt.testng.RemoteTestNGStarter.main(RemoteTestNGStarter.java:105)\r\n","flaky":false,"newFailed":false,"newBroken":false,"newPassed":false,"retriesCount":0,"retriesStatusChange":false,"beforeStages":[{"name":"beforeClassConditions","time":{"start":1761694338850,"stop":1761694345011,"duration":6161},"description":"","status":"passed","steps":[{"name":"navigate to home page","time":{"start":1761694343595,"stop":1761694345007,"duration":1412},"status":"passed","steps":[],"attachments":[],"parameters":[],"hasContent":false,"attachmentsCount":0,"stepsCount":0,"attachmentStep":false,"shouldDisplayMessage":false}],"attachments":[],"parameters":[],"hasContent":true,"attachmentsCount":0,"stepsCount":1,"attachmentStep":false,"shouldDisplayMessage":false}],"testStage":{"status":"broken","statusMessage":"Expected condition failed: waiting for Utils.Actions.ElementActionManger$$Lambda/0x0000026b817350e8@184b8899 (tried for 10 second(s) with 200 milliseconds interval)\nBuild info: version: '4.37.0', revision: '3c1da1e342'\nSystem info: os.name: 'Windows 10', os.arch: 'amd64', os.version: '10.0', java.version: '21.0.8'\nDriver info: driver.version: unknown","statusTrace":"org.openqa.selenium.TimeoutException: Expected condition failed: waiting for Utils.Actions.ElementActionManger$$Lambda/0x0000026b817350e8@184b8899 (tried for 10 second(s) with 200 milliseconds interval)\nBuild info: version: '4.37.0', revision: '3c1da1e342'\nSystem info: os.name: 'Windows 10', os.arch: 'amd64', os.version: '10.0', java.version: '21.0.8'\nDriver info: driver.version: unknown\r\n\tat org.openqa.selenium.support.ui.FluentWait.timeoutException(FluentWait.java:265)\r\n\tat org.openqa.selenium.support.ui.FluentWait.until(FluentWait.java:228)\r\n\tat Utils.Actions.ElementActionManger.click(ElementActionManger.java:23)\r\n\tat ComponanatManger.ProductsPage.addProductToCart(ProductsPage.java:64)\r\n\tat Tests.UItest.CheckoutTest.addToCart(CheckoutTest.java:51)\r\n\tat java.base/jdk.internal.reflect.DirectMethodHandleAccessor.invoke(DirectMethodHandleAccessor.java:103)\r\n\tat java.base/java.lang.reflect.Method.invoke(Method.java:580)\r\n\tat org.testng.internal.invokers.MethodInvocationHelper.invokeMethod(MethodInvocationHelper.java:141)\r\n\tat org.testng.internal.invokers.TestInvoker.invokeMethod(TestInvoker.java:686)\r\n\tat org.testng.internal.invokers.TestInvoker.invokeTestMethod(TestInvoker.java:230)\r\n\tat org.testng.internal.invokers.MethodRunner.runInSequence(MethodRunner.java:63)\r\n\tat org.testng.internal.invokers.TestInvoker$MethodInvocationAgent.invoke(TestInvoker.java:992)\r\n\tat org.testng.internal.invokers.TestInvoker.invokeTestMethods(TestInvoker.java:203)\r\n\tat org.testng.internal.invokers.TestMethodWorker.invokeTestMethods(TestMethodWorker.java:154)\r\n\tat org.testng.internal.invokers.TestMethodWorker.run(TestMethodWorker.java:134)\r\n\tat java.base/java.util.ArrayList.forEach(ArrayList.java:1596)\r\n\tat org.testng.TestRunner.privateRun(TestRunner.java:739)\r\n\tat org.testng.TestRunner.run(TestRunner.java:614)\r\n\tat org.testng.SuiteRunner.runTest(SuiteRunner.java:421)\r\n\tat org.testng.SuiteRunner.runSequentially(SuiteRunner.java:413)\r\n\tat org.testng.SuiteRunner.privateRun(SuiteRunner.java:373)\r\n\tat org.testng.SuiteRunner.run(SuiteRunner.java:312)\r\n\tat org.testng.SuiteRunnerWorker.runSuite(SuiteRunnerWorker.java:52)\r\n\tat org.testng.SuiteRunnerWorker.run(SuiteRunnerWorker.java:95)\r\n\tat org.testng.TestNG.runSuitesSequentially(TestNG.java:1274)\r\n\tat org.testng.TestNG.runSuitesLocally(TestNG.java:1208)\r\n\tat org.testng.TestNG.runSuites(TestNG.java:1112)\r\n\tat org.testng.TestNG.run(TestNG.java:1079)\r\n\tat com.intellij.rt.testng.IDEARemoteTestNG.run(IDEARemoteTestNG.java:65)\r\n\tat com.intellij.rt.testng.RemoteTestNGStarter.main(RemoteTestNGStarter.java:105)\r\n","steps":[{"name":"Add Product To Cart ","time":{"start":1761694360929,"stop":1761694371757,"duration":10828},"status":"broken","statusMessage":"Expected condition failed: waiting for Utils.Actions.ElementActionManger$$Lambda/0x0000026b817350e8@184b8899 (tried for 10 second(s) with 200 milliseconds interval)\nBuild info: version: '4.37.0', revision: '3c1da1e342'\nSystem info: os.name: 'Windows 10', os.arch: 'amd64', os.version: '10.0', java.version: '21.0.8'\nDriver info: driver.version: unknown","statusTrace":"org.openqa.selenium.TimeoutException: Expected condition failed: waiting for Utils.Actions.ElementActionManger$$Lambda/0x0000026b817350e8@184b8899 (tried for 10 second(s) with 200 milliseconds interval)\nBuild info: version: '4.37.0', revision: '3c1da1e342'\nSystem info: os.name: 'Windows 10', os.arch: 'amd64', os.version: '10.0', java.version: '21.0.8'\nDriver info: driver.version: unknown\r\n\tat org.openqa.selenium.support.ui.FluentWait.timeoutException(FluentWait.java:265)\r\n\tat org.openqa.selenium.support.ui.FluentWait.until(FluentWait.java:228)\r\n\tat Utils.Actions.ElementActionManger.click(ElementActionManger.java:23)\r\n\tat ComponanatManger.ProductsPage.addProductToCart(ProductsPage.java:64)\r\n\tat Tests.UItest.CheckoutTest.addToCart(CheckoutTest.java:51)\r\n\tat java.base/jdk.internal.reflect.DirectMethodHandleAccessor.invoke(DirectMethodHandleAccessor.java:103)\r\n\tat java.base/java.lang.reflect.Method.invoke(Method.java:580)\r\n\tat org.testng.internal.invokers.MethodInvocationHelper.invokeMethod(MethodInvocationHelper.java:141)\r\n\tat org.testng.internal.invokers.TestInvoker.invokeMethod(TestInvoker.java:686)\r\n\tat org.testng.internal.invokers.TestInvoker.invokeTestMethod(TestInvoker.java:230)\r\n\tat org.testng.internal.invokers.MethodRunner.runInSequence(MethodRunner.java:63)\r\n\tat org.testng.internal.invokers.TestInvoker$MethodInvocationAgent.invoke(TestInvoker.java:992)\r\n\tat org.testng.internal.invokers.TestInvoker.invokeTestMethods(TestInvoker.java:203)\r\n\tat org.testng.internal.invokers.TestMethodWorker.invokeTestMethods(TestMethodWorker.java:154)\r\n\tat org.testng.internal.invokers.TestMethodWorker.run(TestMethodWorker.java:134)\r\n\tat java.base/java.util.ArrayList.forEach(ArrayList.java:1596)\r\n\tat org.testng.TestRunner.privateRun(TestRunner.java:739)\r\n\tat org.testng.TestRunner.run(TestRunner.java:614)\r\n\tat org.testng.SuiteRunner.runTest(SuiteRunner.java:421)\r\n\tat org.testng.SuiteRunner.runSequentially(SuiteRunner.java:413)\r\n\tat org.testng.SuiteRunner.privateRun(SuiteRunner.java:373)\r\n\tat org.testng.SuiteRunner.run(SuiteRunner.java:312)\r\n\tat org.testng.SuiteRunnerWorker.runSuite(SuiteRunnerWorker.java:52)\r\n\tat org.testng.SuiteRunnerWorker.run(SuiteRunnerWorker.java:95)\r\n\tat org.testng.TestNG.runSuitesSequentially(TestNG.java:1274)\r\n\tat org.testng.TestNG.runSuitesLocally(TestNG.java:1208)\r\n\tat org.testng.TestNG.runSuites(TestNG.java:1112)\r\n\tat org.testng.TestNG.run(TestNG.java:1079)\r\n\tat com.intellij.rt.testng.IDEARemoteTestNG.run(IDEARemoteTestNG.java:65)\r\n\tat com.intellij.rt.testng.RemoteTestNGStarter.main(RemoteTestNGStarter.java:105)\r\n","steps":[],"attachments":[],"parameters":[{"name":"ProductName","value":"Men Tshirt"}],"hasContent":true,"attachmentsCount":0,"stepsCount":0,"attachmentStep":false,"shouldDisplayMessage":true}],"attachments":[{"uid":"b69f0c137fb68c93","name":"Screenshot - addToCart","source":"b69f0c137fb68c93.png","type":"image/png","size":85399},{"uid":"f9f1ee7723894298","name":"addToCart Logs","source":"f9f1ee7723894298.txt","type":"text/plain","size":2177}],"parameters":[],"hasContent":true,"attachmentsCount":2,"stepsCount":1,"attachmentStep":false,"shouldDisplayMessage":false},"afterStages":[{"name":"TearDown","time":{"start":1761694372297,"stop":1761694372802,"duration":505},"description":"","status":"passed","steps":[],"attachments":[],"parameters":[],"hasContent":false,"attachmentsCount":0,"stepsCount":0,"attachmentStep":false,"shouldDisplayMessage":false}],"labels":[{"name":"package","value":"Tests.UItest.CheckoutTest"},{"name":"testClass","value":"Tests.UItest.CheckoutTest"},{"name":"testMethod","value":"addToCart"},{"name":"parentSuite","value":"automation exercise"},{"name":"suite","value":"TAF21"},{"name":"subSuite","value":"Tests.UItest.CheckoutTest"},{"name":"host","value":"Muhammed-Sherif"},{"name":"thread","value":"10536@Muhammed-Sherif.main(1)"},{"name":"framework","value":"testng"},{"name":"language","value":"java"},{"name":"resultFormat","value":"allure2"}],"parameters":[],"links":[],"hidden":true,"retry":true,"extra":{"categories":[],"tags":[]},"source":"449db9c7fa066f30.json","parameterValues":[]}